[0m[[0m[0mdebug[0m] [0m[0m> Exec(doc, Some(67f7c9be-bd09-457e-bf20-7a82ef3006a4), Some(CommandSource(console0)))[0m
[0m[[0m[0mdebug[0m] [0m[0mEvaluating tasks: Compile / doc[0m
[0m[[0m[0mdebug[0m] [0m[0mRunning task... Cancel: Signal, check cycles: false, forcegc: true[0m
[0m[[0m[0minfo[0m] [0m[0mcompiling 2 Scala sources to /home/saiprasad/Documents/GSOC/scaladocsitebuilder/target/scala-3.5.1-RC1-bin-SNAPSHOT/classes ...[0m
[0m[[0m[0minfo[0m] [0m[0mMain Scala API documentation to /home/saiprasad/Documents/GSOC/scaladocsitebuilder/target/scala-3.5.1-RC1-bin-SNAPSHOT/api...[0m
[0m[[0m[33mwarn[0m] [0m[0mFlag -project set repeatedly[0m
[0m[[0m[33mwarn[0m] [0m[0m[33m[33m-- Warning: docs/_docs/getting-started.md --------------------------------------[0m[0m[0m
[0m[[0m[33mwarn[0m] [0m[0m/home/saiprasad/Documents/GSOC/scaladocsitebuilder/docs/_docs/getting-started.md: Unable to resolve link '/overviews/jdk-compatibility/overview.html'[0m
[0m[[0m[33mwarn[0m] [0m[0m[33m[33m-- Warning: docs/_docs/getting-started.md --------------------------------------[0m[0m[0m
[0m[[0m[33mwarn[0m] [0m[0m/home/saiprasad/Documents/GSOC/scaladocsitebuilder/docs/_docs/getting-started.md: Unable to resolve link '/scala3/book/tools-sbt.html'[0m
[0m[[0m[33mwarn[0m] [0m[0m[33m[33m-- Warning: docs/_docs/getting-started.md --------------------------------------[0m[0m[0m
[0m[[0m[33mwarn[0m] [0m[0m/home/saiprasad/Documents/GSOC/scaladocsitebuilder/docs/_docs/getting-started.md: Unable to resolve link '/overviews/scala-book/scala-build-tool-sbt.html'[0m
[0m[[0m[33mwarn[0m] [0m[0m[33m[33m-- Warning: docs/_docs/getting-started.md --------------------------------------[0m[0m[0m
[0m[[0m[33mwarn[0m] [0m[0m/home/saiprasad/Documents/GSOC/scaladocsitebuilder/docs/_docs/getting-started.md: Unable to resolve link '/getting-started/intellij-track/building-a-scala-project-with-intellij-and-sbt.html'[0m
[0m[[0m[33mwarn[0m] [0m[0m[33m[33m-- Warning: docs/_docs/getting-started.md --------------------------------------[0m[0m[0m
[0m[[0m[33mwarn[0m] [0m[0m/home/saiprasad/Documents/GSOC/scaladocsitebuilder/docs/_docs/getting-started.md: Unable to resolve link '/scala3/book/introduction.html'[0m
[0m[[0m[33mwarn[0m] [0m[0m[33m[33m-- Warning: docs/_docs/getting-started.md --------------------------------------[0m[0m[0m
[0m[[0m[33mwarn[0m] [0m[0m/home/saiprasad/Documents/GSOC/scaladocsitebuilder/docs/_docs/getting-started.md: Unable to resolve link '/overviews/scala-book/introduction.html'[0m
[0m[[0m[33mwarn[0m] [0m[0m[33m[33m-- Warning: docs/_docs/getting-started.md --------------------------------------[0m[0m[0m
[0m[[0m[33mwarn[0m] [0m[0m/home/saiprasad/Documents/GSOC/scaladocsitebuilder/docs/_docs/getting-started.md: Unable to resolve link '/tour/tour-of-scala.html'[0m
[0m[[0m[33mwarn[0m] [0m[0m[33m[33m-- Warning: docs/_docs/getting-started.md --------------------------------------[0m[0m[0m
[0m[[0m[33mwarn[0m] [0m[0m/home/saiprasad/Documents/GSOC/scaladocsitebuilder/docs/_docs/getting-started.md: Unable to resolve link '/learn.html'[0m
[0m[[0m[33mwarn[0m] [0m[0m[33m[33m-- Warning: docs/_docs/getting-started.md --------------------------------------[0m[0m[0m
[0m[[0m[33mwarn[0m] [0m[0m/home/saiprasad/Documents/GSOC/scaladocsitebuilder/docs/_docs/getting-started.md: Unable to resolve link '/books.html'[0m
[0m[[0m[33mwarn[0m] [0m[0m[33m[33m-- Warning: docs/_docs/getting-started.md --------------------------------------[0m[0m[0m
[0m[[0m[33mwarn[0m] [0m[0m/home/saiprasad/Documents/GSOC/scaladocsitebuilder/docs/_docs/getting-started.md: Unable to resolve link '/scala3/guides/migration/compatibility-intro.html'[0m
[0m[[0m[0minfo[0m] [0m[0mMain Scala API documentation successful.[0m
[0m[[0m[32msuccess[0m] [0m[0mTotal time: 5 s, completed 18-Jun-2024, 1:40:48 am[0m
[0m[[0m[0mdebug[0m] [0m[0m> Exec(shell, None, None)[0m
[0m[[0m[0minfo[0m] [0m[0mshutting down sbt server[0m
