[0m[[0m[0mdebug[0m] [0m[0m> Exec(doc, Some(0888bec8-f52e-440f-95e8-d8e0717b080a), Some(CommandSource(console0)))[0m
[0m[[0m[0mdebug[0m] [0m[0mEvaluating tasks: Compile / doc[0m
[0m[[0m[0mdebug[0m] [0m[0mRunning task... Cancel: Signal, check cycles: false, forcegc: true[0m
[0m[[0m[0minfo[0m] [0m[0mMain Scala API documentation to /home/saiprasad/Documents/GSOC/scaladocsitebuilder/target/scala-3.5.1-RC1-bin-SNAPSHOT/api...[0m
[0m[[0m[33mwarn[0m] [0m[0mFlag -project set repeatedly[0m
[0m[[0m[31merror[0m] [0m[0mjava.lang.RuntimeException: java.lang.reflect.InvocationTargetException[0m
[0m[[0m[31merror[0m] [0m[0m	at xsbt.DottydocRunner.run(DottydocRunner.java:65)[0m
[0m[[0m[31merror[0m] [0m[0m	at xsbt.ScaladocInterface.run(ScaladocInterface.java:11)[0m
[0m[[0m[31merror[0m] [0m[0m	at java.base/jdk.internal.reflect.NativeMethodAccessorImpl.invoke0(Native Method)[0m
[0m[[0m[31merror[0m] [0m[0m	at java.base/jdk.internal.reflect.NativeMethodAccessorImpl.invoke(NativeMethodAccessorImpl.java:77)[0m
[0m[[0m[31merror[0m] [0m[0m	at java.base/jdk.internal.reflect.DelegatingMethodAccessorImpl.invoke(DelegatingMethodAccessorImpl.java:43)[0m
[0m[[0m[31merror[0m] [0m[0m	at java.base/java.lang.reflect.Method.invoke(Method.java:568)[0m
[0m[[0m[31merror[0m] [0m[0m	at sbt.internal.inc.AnalyzingCompiler.invoke(AnalyzingCompiler.scala:329)[0m
[0m[[0m[31merror[0m] [0m[0m	at sbt.internal.inc.AnalyzingCompiler.doc(AnalyzingCompiler.scala:175)[0m
[0m[[0m[31merror[0m] [0m[0m	at sbt.internal.inc.AnalyzingCompiler.doc(AnalyzingCompiler.scala:133)[0m
[0m[[0m[31merror[0m] [0m[0m	at sbt.Doc$.$anonfun$scaladoc$1(Doc.scala:53)[0m
[0m[[0m[31merror[0m] [0m[0m	at sbt.Doc$.$anonfun$scaladoc$1$adapted(Doc.scala:41)[0m
[0m[[0m[31merror[0m] [0m[0m	at sbt.RawCompileLike$.$anonfun$prepare$1(RawCompileLike.scala:80)[0m
[0m[[0m[31merror[0m] [0m[0m	at sbt.RawCompileLike$.$anonfun$prepare$1$adapted(RawCompileLike.scala:73)[0m
[0m[[0m[31merror[0m] [0m[0m	at sbt.RawCompileLike$.$anonfun$cached$4(RawCompileLike.scala:64)[0m
[0m[[0m[31merror[0m] [0m[0m	at sbt.RawCompileLike$.$anonfun$cached$4$adapted(RawCompileLike.scala:62)[0m
[0m[[0m[31merror[0m] [0m[0m	at sbt.util.Tracked$.$anonfun$inputChangedW$1(Tracked.scala:220)[0m
[0m[[0m[31merror[0m] [0m[0m	at sbt.RawCompileLike$.$anonfun$cached$1(RawCompileLike.scala:69)[0m
[0m[[0m[31merror[0m] [0m[0m	at sbt.RawCompileLike$.$anonfun$cached$1$adapted(RawCompileLike.scala:53)[0m
[0m[[0m[31merror[0m] [0m[0m	at sbt.Defaults$.$anonfun$docTaskSettings$4(Defaults.scala:2214)[0m
[0m[[0m[31merror[0m] [0m[0m	at scala.Function1.$anonfun$compose$1(Function1.scala:49)[0m
[0m[[0m[31merror[0m] [0m[0m	at sbt.internal.util.$tilde$greater.$anonfun$$u2219$1(TypeFunctions.scala:63)[0m
[0m[[0m[31merror[0m] [0m[0m	at sbt.std.Transform$$anon$4.work(Transform.scala:69)[0m
[0m[[0m[31merror[0m] [0m[0m	at sbt.Execute.$anonfun$submit$2(Execute.scala:283)[0m
[0m[[0m[31merror[0m] [0m[0m	at sbt.internal.util.ErrorHandling$.wideConvert(ErrorHandling.scala:24)[0m
[0m[[0m[31merror[0m] [0m[0m	at sbt.Execute.work(Execute.scala:292)[0m
[0m[[0m[31merror[0m] [0m[0m	at sbt.Execute.$anonfun$submit$1(Execute.scala:283)[0m
[0m[[0m[31merror[0m] [0m[0m	at sbt.ConcurrentRestrictions$$anon$4.$anonfun$submitValid$1(ConcurrentRestrictions.scala:265)[0m
[0m[[0m[31merror[0m] [0m[0m	at sbt.CompletionService$$anon$2.call(CompletionService.scala:65)[0m
[0m[[0m[31merror[0m] [0m[0m	at java.base/java.util.concurrent.FutureTask.run(FutureTask.java:264)[0m
[0m[[0m[31merror[0m] [0m[0m	at java.base/java.util.concurrent.Executors$RunnableAdapter.call(Executors.java:539)[0m
[0m[[0m[31merror[0m] [0m[0m	at java.base/java.util.concurrent.FutureTask.run(FutureTask.java:264)[0m
[0m[[0m[31merror[0m] [0m[0m	at java.base/java.util.concurrent.ThreadPoolExecutor.runWorker(ThreadPoolExecutor.java:1136)[0m
[0m[[0m[31merror[0m] [0m[0m	at java.base/java.util.concurrent.ThreadPoolExecutor$Worker.run(ThreadPoolExecutor.java:635)[0m
[0m[[0m[31merror[0m] [0m[0m	at java.base/java.lang.Thread.run(Thread.java:833)[0m
[0m[[0m[31merror[0m] [0m[0mCaused by: java.lang.reflect.InvocationTargetException[0m
[0m[[0m[31merror[0m] [0m[0m	at java.base/jdk.internal.reflect.NativeMethodAccessorImpl.invoke0(Native Method)[0m
[0m[[0m[31merror[0m] [0m[0m	at java.base/jdk.internal.reflect.NativeMethodAccessorImpl.invoke(NativeMethodAccessorImpl.java:77)[0m
[0m[[0m[31merror[0m] [0m[0m	at java.base/jdk.internal.reflect.DelegatingMethodAccessorImpl.invoke(DelegatingMethodAccessorImpl.java:43)[0m
[0m[[0m[31merror[0m] [0m[0m	at java.base/java.lang.reflect.Method.invoke(Method.java:568)[0m
[0m[[0m[31merror[0m] [0m[0m	at xsbt.DottydocRunner.run(DottydocRunner.java:61)[0m
[0m[[0m[31merror[0m] [0m[0m	at xsbt.ScaladocInterface.run(ScaladocInterface.java:11)[0m
[0m[[0m[31merror[0m] [0m[0m	at java.base/jdk.internal.reflect.NativeMethodAccessorImpl.invoke0(Native Method)[0m
[0m[[0m[31merror[0m] [0m[0m	at java.base/jdk.internal.reflect.NativeMethodAccessorImpl.invoke(NativeMethodAccessorImpl.java:77)[0m
[0m[[0m[31merror[0m] [0m[0m	at java.base/jdk.internal.reflect.DelegatingMethodAccessorImpl.invoke(DelegatingMethodAccessorImpl.java:43)[0m
[0m[[0m[31merror[0m] [0m[0m	at java.base/java.lang.reflect.Method.invoke(Method.java:568)[0m
[0m[[0m[31merror[0m] [0m[0m	at sbt.internal.inc.AnalyzingCompiler.invoke(AnalyzingCompiler.scala:329)[0m
[0m[[0m[31merror[0m] [0m[0m	at sbt.internal.inc.AnalyzingCompiler.doc(AnalyzingCompiler.scala:175)[0m
[0m[[0m[31merror[0m] [0m[0m	at sbt.internal.inc.AnalyzingCompiler.doc(AnalyzingCompiler.scala:133)[0m
[0m[[0m[31merror[0m] [0m[0m	at sbt.Doc$.$anonfun$scaladoc$1(Doc.scala:53)[0m
[0m[[0m[31merror[0m] [0m[0m	at sbt.Doc$.$anonfun$scaladoc$1$adapted(Doc.scala:41)[0m
[0m[[0m[31merror[0m] [0m[0m	at sbt.RawCompileLike$.$anonfun$prepare$1(RawCompileLike.scala:80)[0m
[0m[[0m[31merror[0m] [0m[0m	at sbt.RawCompileLike$.$anonfun$prepare$1$adapted(RawCompileLike.scala:73)[0m
[0m[[0m[31merror[0m] [0m[0m	at sbt.RawCompileLike$.$anonfun$cached$4(RawCompileLike.scala:64)[0m
[0m[[0m[31merror[0m] [0m[0m	at sbt.RawCompileLike$.$anonfun$cached$4$adapted(RawCompileLike.scala:62)[0m
[0m[[0m[31merror[0m] [0m[0m	at sbt.util.Tracked$.$anonfun$inputChangedW$1(Tracked.scala:220)[0m
[0m[[0m[31merror[0m] [0m[0m	at sbt.RawCompileLike$.$anonfun$cached$1(RawCompileLike.scala:69)[0m
[0m[[0m[31merror[0m] [0m[0m	at sbt.RawCompileLike$.$anonfun$cached$1$adapted(RawCompileLike.scala:53)[0m
[0m[[0m[31merror[0m] [0m[0m	at sbt.Defaults$.$anonfun$docTaskSettings$4(Defaults.scala:2214)[0m
[0m[[0m[31merror[0m] [0m[0m	at scala.Function1.$anonfun$compose$1(Function1.scala:49)[0m
[0m[[0m[31merror[0m] [0m[0m	at sbt.internal.util.$tilde$greater.$anonfun$$u2219$1(TypeFunctions.scala:63)[0m
[0m[[0m[31merror[0m] [0m[0m	at sbt.std.Transform$$anon$4.work(Transform.scala:69)[0m
[0m[[0m[31merror[0m] [0m[0m	at sbt.Execute.$anonfun$submit$2(Execute.scala:283)[0m
[0m[[0m[31merror[0m] [0m[0m	at sbt.internal.util.ErrorHandling$.wideConvert(ErrorHandling.scala:24)[0m
[0m[[0m[31merror[0m] [0m[0m	at sbt.Execute.work(Execute.scala:292)[0m
[0m[[0m[31merror[0m] [0m[0m	at sbt.Execute.$anonfun$submit$1(Execute.scala:283)[0m
[0m[[0m[31merror[0m] [0m[0m	at sbt.ConcurrentRestrictions$$anon$4.$anonfun$submitValid$1(ConcurrentRestrictions.scala:265)[0m
[0m[[0m[31merror[0m] [0m[0m	at sbt.CompletionService$$anon$2.call(CompletionService.scala:65)[0m
[0m[[0m[31merror[0m] [0m[0m	at java.base/java.util.concurrent.FutureTask.run(FutureTask.java:264)[0m
[0m[[0m[31merror[0m] [0m[0m	at java.base/java.util.concurrent.Executors$RunnableAdapter.call(Executors.java:539)[0m
[0m[[0m[31merror[0m] [0m[0m	at java.base/java.util.concurrent.FutureTask.run(FutureTask.java:264)[0m
[0m[[0m[31merror[0m] [0m[0m	at java.base/java.util.concurrent.ThreadPoolExecutor.runWorker(ThreadPoolExecutor.java:1136)[0m
[0m[[0m[31merror[0m] [0m[0m	at java.base/java.util.concurrent.ThreadPoolExecutor$Worker.run(ThreadPoolExecutor.java:635)[0m
[0m[[0m[31merror[0m] [0m[0m	at java.base/java.lang.Thread.run(Thread.java:833)[0m
[0m[[0m[31merror[0m] [0m[0mCaused by: java.nio.file.FileAlreadyExistsException: /home/saiprasad/Documents/GSOC/scaladocsitebuilder/target/scala-3.5.1-RC1-bin-SNAPSHOT/api/styles/staticsitestyles.css[0m
[0m[[0m[31merror[0m] [0m[0m	at java.base/sun.nio.fs.UnixException.translateToIOException(UnixException.java:94)[0m
[0m[[0m[31merror[0m] [0m[0m	at java.base/sun.nio.fs.UnixException.rethrowAsIOException(UnixException.java:106)[0m
[0m[[0m[31merror[0m] [0m[0m	at java.base/sun.nio.fs.UnixException.rethrowAsIOException(UnixException.java:111)[0m
[0m[[0m[31merror[0m] [0m[0m	at java.base/sun.nio.fs.UnixFileSystemProvider.newByteChannel(UnixFileSystemProvider.java:218)[0m
[0m[[0m[31merror[0m] [0m[0m	at java.base/java.nio.file.spi.FileSystemProvider.newOutputStream(FileSystemProvider.java:484)[0m
[0m[[0m[31merror[0m] [0m[0m	at java.base/java.nio.file.Files.newOutputStream(Files.java:228)[0m
[0m[[0m[31merror[0m] [0m[0m	at java.base/java.nio.file.Files.copy(Files.java:3160)[0m
[0m[[0m[31merror[0m] [0m[0m	at dotty.tools.scaladoc.renderers.Writer.copy(Writer.scala:35)[0m
[0m[[0m[31merror[0m] [0m[0m	at dotty.tools.scaladoc.renderers.Writer.copy$(Writer.scala:13)[0m
[0m[[0m[31merror[0m] [0m[0m	at dotty.tools.scaladoc.renderers.Renderer.copy(Renderer.scala:20)[0m
[0m[[0m[31merror[0m] [0m[0m	at dotty.tools.scaladoc.renderers.Resources.renderResource(Resources.scala:568)[0m
[0m[[0m[31merror[0m] [0m[0m	at dotty.tools.scaladoc.renderers.Resources.renderResource$(Resources.scala:20)[0m
[0m[[0m[31merror[0m] [0m[0m	at dotty.tools.scaladoc.renderers.Renderer.renderResource(Renderer.scala:20)[0m
[0m[[0m[31merror[0m] [0m[0m	at dotty.tools.scaladoc.renderers.HtmlRenderer.renderResources$$anonfun$1(HtmlRenderer.scala:103)[0m
[0m[[0m[31merror[0m] [0m[0m	at scala.collection.immutable.List.flatMap(List.scala:293)[0m
[0m[[0m[31merror[0m] [0m[0m	at scala.collection.immutable.List.flatMap(List.scala:79)[0m
[0m[[0m[31merror[0m] [0m[0m	at dotty.tools.scaladoc.renderers.HtmlRenderer.renderResources(HtmlRenderer.scala:103)[0m
[0m[[0m[31merror[0m] [0m[0m	at dotty.tools.scaladoc.renderers.HtmlRenderer.render(HtmlRenderer.scala:50)[0m
[0m[[0m[31merror[0m] [0m[0m	at dotty.tools.scaladoc.Scaladoc$.run(Scaladoc.scala:260)[0m
[0m[[0m[31merror[0m] [0m[0m	at dotty.tools.scaladoc.Scaladoc$.run$$anonfun$1(Scaladoc.scala:77)[0m
[0m[[0m[31merror[0m] [0m[0m	at scala.runtime.function.JProcedure1.apply(JProcedure1.java:15)[0m
[0m[[0m[31merror[0m] [0m[0m	at scala.runtime.function.JProcedure1.apply(JProcedure1.java:10)[0m
[0m[[0m[31merror[0m] [0m[0m	at scala.Option.map(Option.scala:242)[0m
[0m[[0m[31merror[0m] [0m[0m	at dotty.tools.scaladoc.Scaladoc$.run(Scaladoc.scala:56)[0m
[0m[[0m[31merror[0m] [0m[0m	at dotty.tools.dottydoc.Main$.process(Main.scala:25)[0m
[0m[[0m[31merror[0m] [0m[0m	at dotty.tools.dottydoc.Main.process(Main.scala)[0m
[0m[[0m[31merror[0m] [0m[0m	at java.base/jdk.internal.reflect.NativeMethodAccessorImpl.invoke0(Native Method)[0m
[0m[[0m[31merror[0m] [0m[0m	at java.base/jdk.internal.reflect.NativeMethodAccessorImpl.invoke(NativeMethodAccessorImpl.java:77)[0m
[0m[[0m[31merror[0m] [0m[0m	at java.base/jdk.internal.reflect.DelegatingMethodAccessorImpl.invoke(DelegatingMethodAccessorImpl.java:43)[0m
[0m[[0m[31merror[0m] [0m[0m	at java.base/java.lang.reflect.Method.invoke(Method.java:568)[0m
[0m[[0m[31merror[0m] [0m[0m	at xsbt.DottydocRunner.run(DottydocRunner.java:61)[0m
[0m[[0m[31merror[0m] [0m[0m	at xsbt.ScaladocInterface.run(ScaladocInterface.java:11)[0m
[0m[[0m[31merror[0m] [0m[0m	at java.base/jdk.internal.reflect.NativeMethodAccessorImpl.invoke0(Native Method)[0m
[0m[[0m[31merror[0m] [0m[0m	at java.base/jdk.internal.reflect.NativeMethodAccessorImpl.invoke(NativeMethodAccessorImpl.java:77)[0m
[0m[[0m[31merror[0m] [0m[0m	at java.base/jdk.internal.reflect.DelegatingMethodAccessorImpl.invoke(DelegatingMethodAccessorImpl.java:43)[0m
[0m[[0m[31merror[0m] [0m[0m	at java.base/java.lang.reflect.Method.invoke(Method.java:568)[0m
[0m[[0m[31merror[0m] [0m[0m	at sbt.internal.inc.AnalyzingCompiler.invoke(AnalyzingCompiler.scala:329)[0m
[0m[[0m[31merror[0m] [0m[0m	at sbt.internal.inc.AnalyzingCompiler.doc(AnalyzingCompiler.scala:175)[0m
[0m[[0m[31merror[0m] [0m[0m	at sbt.internal.inc.AnalyzingCompiler.doc(AnalyzingCompiler.scala:133)[0m
[0m[[0m[31merror[0m] [0m[0m	at sbt.Doc$.$anonfun$scaladoc$1(Doc.scala:53)[0m
[0m[[0m[31merror[0m] [0m[0m	at sbt.Doc$.$anonfun$scaladoc$1$adapted(Doc.scala:41)[0m
[0m[[0m[31merror[0m] [0m[0m	at sbt.RawCompileLike$.$anonfun$prepare$1(RawCompileLike.scala:80)[0m
[0m[[0m[31merror[0m] [0m[0m	at sbt.RawCompileLike$.$anonfun$prepare$1$adapted(RawCompileLike.scala:73)[0m
[0m[[0m[31merror[0m] [0m[0m	at sbt.RawCompileLike$.$anonfun$cached$4(RawCompileLike.scala:64)[0m
[0m[[0m[31merror[0m] [0m[0m	at sbt.RawCompileLike$.$anonfun$cached$4$adapted(RawCompileLike.scala:62)[0m
[0m[[0m[31merror[0m] [0m[0m	at sbt.util.Tracked$.$anonfun$inputChangedW$1(Tracked.scala:220)[0m
[0m[[0m[31merror[0m] [0m[0m	at sbt.RawCompileLike$.$anonfun$cached$1(RawCompileLike.scala:69)[0m
[0m[[0m[31merror[0m] [0m[0m	at sbt.RawCompileLike$.$anonfun$cached$1$adapted(RawCompileLike.scala:53)[0m
[0m[[0m[31merror[0m] [0m[0m	at sbt.Defaults$.$anonfun$docTaskSettings$4(Defaults.scala:2214)[0m
[0m[[0m[31merror[0m] [0m[0m	at scala.Function1.$anonfun$compose$1(Function1.scala:49)[0m
[0m[[0m[31merror[0m] [0m[0m	at sbt.internal.util.$tilde$greater.$anonfun$$u2219$1(TypeFunctions.scala:63)[0m
[0m[[0m[31merror[0m] [0m[0m	at sbt.std.Transform$$anon$4.work(Transform.scala:69)[0m
[0m[[0m[31merror[0m] [0m[0m	at sbt.Execute.$anonfun$submit$2(Execute.scala:283)[0m
[0m[[0m[31merror[0m] [0m[0m	at sbt.internal.util.ErrorHandling$.wideConvert(ErrorHandling.scala:24)[0m
[0m[[0m[31merror[0m] [0m[0m	at sbt.Execute.work(Execute.scala:292)[0m
[0m[[0m[31merror[0m] [0m[0m	at sbt.Execute.$anonfun$submit$1(Execute.scala:283)[0m
[0m[[0m[31merror[0m] [0m[0m	at sbt.ConcurrentRestrictions$$anon$4.$anonfun$submitValid$1(ConcurrentRestrictions.scala:265)[0m
[0m[[0m[31merror[0m] [0m[0m	at sbt.CompletionService$$anon$2.call(CompletionService.scala:65)[0m
[0m[[0m[31merror[0m] [0m[0m	at java.base/java.util.concurrent.FutureTask.run(FutureTask.java:264)[0m
[0m[[0m[31merror[0m] [0m[0m	at java.base/java.util.concurrent.Executors$RunnableAdapter.call(Executors.java:539)[0m
[0m[[0m[31merror[0m] [0m[0m	at java.base/java.util.concurrent.FutureTask.run(FutureTask.java:264)[0m
[0m[[0m[31merror[0m] [0m[0m	at java.base/java.util.concurrent.ThreadPoolExecutor.runWorker(ThreadPoolExecutor.java:1136)[0m
[0m[[0m[31merror[0m] [0m[0m	at java.base/java.util.concurrent.ThreadPoolExecutor$Worker.run(ThreadPoolExecutor.java:635)[0m
[0m[[0m[31merror[0m] [0m[0m	at java.base/java.lang.Thread.run(Thread.java:833)[0m
[0m[[0m[31merror[0m] [0m[0m(Compile / [31mdoc[0m) java.lang.reflect.InvocationTargetException[0m
[0m[[0m[31merror[0m] [0m[0mTotal time: 2 s, completed 05-Jul-2024, 1:31:48 pm[0m
[0m[[0m[0mdebug[0m] [0m[0m> Exec(shell, None, None)[0m
[0m[[0m[0mdebug[0m] [0m[0m> Exec(shell, None, None)[0m
[0m[[0m[0minfo[0m] [0m[0mshutting down sbt server[0m
