[0m[[0m[0mdebug[0m] [0m[0m> Exec(doc, Some(b9b227de-4dc0-459b-ba6f-4c5e2cf7cf7a), Some(CommandSource(console0)))[0m
[0m[[0m[0mdebug[0m] [0m[0mEvaluating tasks: Compile / doc[0m
[0m[[0m[0mdebug[0m] [0m[0mRunning task... Cancel: Signal, check cycles: false, forcegc: true[0m
[0m[[0m[0minfo[0m] [0m[0mMain Scala API documentation to /home/saiprasad/Documents/GSOC/scaladocsitebuilder/target/scala-3.5.1-RC1-bin-SNAPSHOT/api...[0m
[0m[[0m[33mwarn[0m] [0m[0mFlag -project set repeatedly[0m
[0m[[0m[31merror[0m] [0m[0mjava.lang.RuntimeException: java.lang.reflect.InvocationTargetException[0m
[0m[[0m[31merror[0m] [0m[0m	at xsbt.DottydocRunner.run(DottydocRunner.java:65)[0m
[0m[[0m[31merror[0m] [0m[0m	at xsbt.ScaladocInterface.run(ScaladocInterface.java:11)[0m
[0m[[0m[31merror[0m] [0m[0m	at jdk.internal.reflect.GeneratedMethodAccessor1.invoke(Unknown Source)[0m
[0m[[0m[31merror[0m] [0m[0m	at java.base/jdk.internal.reflect.DelegatingMethodAccessorImpl.invoke(DelegatingMethodAccessorImpl.java:43)[0m
[0m[[0m[31merror[0m] [0m[0m	at java.base/java.lang.reflect.Method.invoke(Method.java:568)[0m
[0m[[0m[31merror[0m] [0m[0m	at sbt.internal.inc.AnalyzingCompiler.invoke(AnalyzingCompiler.scala:329)[0m
[0m[[0m[31merror[0m] [0m[0m	at sbt.internal.inc.AnalyzingCompiler.doc(AnalyzingCompiler.scala:175)[0m
[0m[[0m[31merror[0m] [0m[0m	at sbt.internal.inc.AnalyzingCompiler.doc(AnalyzingCompiler.scala:133)[0m
[0m[[0m[31merror[0m] [0m[0m	at sbt.Doc$.$anonfun$scaladoc$1(Doc.scala:53)[0m
[0m[[0m[31merror[0m] [0m[0m	at sbt.Doc$.$anonfun$scaladoc$1$adapted(Doc.scala:41)[0m
[0m[[0m[31merror[0m] [0m[0m	at sbt.RawCompileLike$.$anonfun$prepare$1(RawCompileLike.scala:80)[0m
[0m[[0m[31merror[0m] [0m[0m	at sbt.RawCompileLike$.$anonfun$prepare$1$adapted(RawCompileLike.scala:73)[0m
[0m[[0m[31merror[0m] [0m[0m	at sbt.RawCompileLike$.$anonfun$cached$4(RawCompileLike.scala:64)[0m
[0m[[0m[31merror[0m] [0m[0m	at sbt.RawCompileLike$.$anonfun$cached$4$adapted(RawCompileLike.scala:62)[0m
[0m[[0m[31merror[0m] [0m[0m	at sbt.util.Tracked$.$anonfun$inputChangedW$1(Tracked.scala:220)[0m
[0m[[0m[31merror[0m] [0m[0m	at sbt.RawCompileLike$.$anonfun$cached$1(RawCompileLike.scala:69)[0m
[0m[[0m[31merror[0m] [0m[0m	at sbt.RawCompileLike$.$anonfun$cached$1$adapted(RawCompileLike.scala:53)[0m
[0m[[0m[31merror[0m] [0m[0m	at sbt.Defaults$.$anonfun$docTaskSettings$4(Defaults.scala:2214)[0m
[0m[[0m[31merror[0m] [0m[0m	at scala.Function1.$anonfun$compose$1(Function1.scala:49)[0m
[0m[[0m[31merror[0m] [0m[0m	at sbt.internal.util.$tilde$greater.$anonfun$$u2219$1(TypeFunctions.scala:63)[0m
[0m[[0m[31merror[0m] [0m[0m	at sbt.std.Transform$$anon$4.work(Transform.scala:69)[0m
[0m[[0m[31merror[0m] [0m[0m	at sbt.Execute.$anonfun$submit$2(Execute.scala:283)[0m
[0m[[0m[31merror[0m] [0m[0m	at sbt.internal.util.ErrorHandling$.wideConvert(ErrorHandling.scala:24)[0m
[0m[[0m[31merror[0m] [0m[0m	at sbt.Execute.work(Execute.scala:292)[0m
[0m[[0m[31merror[0m] [0m[0m	at sbt.Execute.$anonfun$submit$1(Execute.scala:283)[0m
[0m[[0m[31merror[0m] [0m[0m	at sbt.ConcurrentRestrictions$$anon$4.$anonfun$submitValid$1(ConcurrentRestrictions.scala:265)[0m
[0m[[0m[31merror[0m] [0m[0m	at sbt.CompletionService$$anon$2.call(CompletionService.scala:65)[0m
[0m[[0m[31merror[0m] [0m[0m	at java.base/java.util.concurrent.FutureTask.run(FutureTask.java:264)[0m
[0m[[0m[31merror[0m] [0m[0m	at java.base/java.util.concurrent.Executors$RunnableAdapter.call(Executors.java:539)[0m
[0m[[0m[31merror[0m] [0m[0m	at java.base/java.util.concurrent.FutureTask.run(FutureTask.java:264)[0m
[0m[[0m[31merror[0m] [0m[0m	at java.base/java.util.concurrent.ThreadPoolExecutor.runWorker(ThreadPoolExecutor.java:1136)[0m
[0m[[0m[31merror[0m] [0m[0m	at java.base/java.util.concurrent.ThreadPoolExecutor$Worker.run(ThreadPoolExecutor.java:635)[0m
[0m[[0m[31merror[0m] [0m[0m	at java.base/java.lang.Thread.run(Thread.java:833)[0m
[0m[[0m[31merror[0m] [0m[0mCaused by: java.lang.reflect.InvocationTargetException[0m
[0m[[0m[31merror[0m] [0m[0m	at jdk.internal.reflect.GeneratedMethodAccessor2.invoke(Unknown Source)[0m
[0m[[0m[31merror[0m] [0m[0m	at java.base/jdk.internal.reflect.DelegatingMethodAccessorImpl.invoke(DelegatingMethodAccessorImpl.java:43)[0m
[0m[[0m[31merror[0m] [0m[0m	at java.base/java.lang.reflect.Method.invoke(Method.java:568)[0m
[0m[[0m[31merror[0m] [0m[0m	at xsbt.DottydocRunner.run(DottydocRunner.java:61)[0m
[0m[[0m[31merror[0m] [0m[0m	at xsbt.ScaladocInterface.run(ScaladocInterface.java:11)[0m
[0m[[0m[31merror[0m] [0m[0m	at jdk.internal.reflect.GeneratedMethodAccessor1.invoke(Unknown Source)[0m
[0m[[0m[31merror[0m] [0m[0m	at java.base/jdk.internal.reflect.DelegatingMethodAccessorImpl.invoke(DelegatingMethodAccessorImpl.java:43)[0m
[0m[[0m[31merror[0m] [0m[0m	at java.base/java.lang.reflect.Method.invoke(Method.java:568)[0m
[0m[[0m[31merror[0m] [0m[0m	at sbt.internal.inc.AnalyzingCompiler.invoke(AnalyzingCompiler.scala:329)[0m
[0m[[0m[31merror[0m] [0m[0m	at sbt.internal.inc.AnalyzingCompiler.doc(AnalyzingCompiler.scala:175)[0m
[0m[[0m[31merror[0m] [0m[0m	at sbt.internal.inc.AnalyzingCompiler.doc(AnalyzingCompiler.scala:133)[0m
[0m[[0m[31merror[0m] [0m[0m	at sbt.Doc$.$anonfun$scaladoc$1(Doc.scala:53)[0m
[0m[[0m[31merror[0m] [0m[0m	at sbt.Doc$.$anonfun$scaladoc$1$adapted(Doc.scala:41)[0m
[0m[[0m[31merror[0m] [0m[0m	at sbt.RawCompileLike$.$anonfun$prepare$1(RawCompileLike.scala:80)[0m
[0m[[0m[31merror[0m] [0m[0m	at sbt.RawCompileLike$.$anonfun$prepare$1$adapted(RawCompileLike.scala:73)[0m
[0m[[0m[31merror[0m] [0m[0m	at sbt.RawCompileLike$.$anonfun$cached$4(RawCompileLike.scala:64)[0m
[0m[[0m[31merror[0m] [0m[0m	at sbt.RawCompileLike$.$anonfun$cached$4$adapted(RawCompileLike.scala:62)[0m
[0m[[0m[31merror[0m] [0m[0m	at sbt.util.Tracked$.$anonfun$inputChangedW$1(Tracked.scala:220)[0m
[0m[[0m[31merror[0m] [0m[0m	at sbt.RawCompileLike$.$anonfun$cached$1(RawCompileLike.scala:69)[0m
[0m[[0m[31merror[0m] [0m[0m	at sbt.RawCompileLike$.$anonfun$cached$1$adapted(RawCompileLike.scala:53)[0m
[0m[[0m[31merror[0m] [0m[0m	at sbt.Defaults$.$anonfun$docTaskSettings$4(Defaults.scala:2214)[0m
[0m[[0m[31merror[0m] [0m[0m	at scala.Function1.$anonfun$compose$1(Function1.scala:49)[0m
[0m[[0m[31merror[0m] [0m[0m	at sbt.internal.util.$tilde$greater.$anonfun$$u2219$1(TypeFunctions.scala:63)[0m
[0m[[0m[31merror[0m] [0m[0m	at sbt.std.Transform$$anon$4.work(Transform.scala:69)[0m
[0m[[0m[31merror[0m] [0m[0m	at sbt.Execute.$anonfun$submit$2(Execute.scala:283)[0m
[0m[[0m[31merror[0m] [0m[0m	at sbt.internal.util.ErrorHandling$.wideConvert(ErrorHandling.scala:24)[0m
[0m[[0m[31merror[0m] [0m[0m	at sbt.Execute.work(Execute.scala:292)[0m
[0m[[0m[31merror[0m] [0m[0m	at sbt.Execute.$anonfun$submit$1(Execute.scala:283)[0m
[0m[[0m[31merror[0m] [0m[0m	at sbt.ConcurrentRestrictions$$anon$4.$anonfun$submitValid$1(ConcurrentRestrictions.scala:265)[0m
[0m[[0m[31merror[0m] [0m[0m	at sbt.CompletionService$$anon$2.call(CompletionService.scala:65)[0m
[0m[[0m[31merror[0m] [0m[0m	at java.base/java.util.concurrent.FutureTask.run(FutureTask.java:264)[0m
[0m[[0m[31merror[0m] [0m[0m	at java.base/java.util.concurrent.Executors$RunnableAdapter.call(Executors.java:539)[0m
[0m[[0m[31merror[0m] [0m[0m	at java.base/java.util.concurrent.FutureTask.run(FutureTask.java:264)[0m
[0m[[0m[31merror[0m] [0m[0m	at java.base/java.util.concurrent.ThreadPoolExecutor.runWorker(ThreadPoolExecutor.java:1136)[0m
[0m[[0m[31merror[0m] [0m[0m	at java.base/java.util.concurrent.ThreadPoolExecutor$Worker.run(ThreadPoolExecutor.java:635)[0m
[0m[[0m[31merror[0m] [0m[0m	at java.base/java.lang.Thread.run(Thread.java:833)[0m
[0m[[0m[31merror[0m] [0m[0mCaused by: liqp.exceptions.LiquidException: in `{% include filename %}` the `filename` is {code-snippet.html codeSnippet=site.data.setup-scala.macOS-brew}, but it cannot have spaces for Flavor.JEKYLL[0m
[0m[[0m[31merror[0m] [0m[0m	at liqp.parser.v4.NodeVisitor.visitJekyll_include_filename(NodeVisitor.java:521)[0m
[0m[[0m[31merror[0m] [0m[0m	at liqp.parser.v4.NodeVisitor.visitJekyll_include_filename(NodeVisitor.java:101)[0m
[0m[[0m[31merror[0m] [0m[0m	at liquid.parser.v4.LiquidParser$Jekyll_include_filenameContext.accept(LiquidParser.java:2990)[0m
[0m[[0m[31merror[0m] [0m[0m	at liqp.org.antlr.v4.runtime.tree.AbstractParseTreeVisitor.visit(AbstractParseTreeVisitor.java:18)[0m
[0m[[0m[31merror[0m] [0m[0m	at liqp.parser.v4.NodeVisitor.getJekyllIncludeInsertionNode(NodeVisitor.java:478)[0m
[0m[[0m[31merror[0m] [0m[0m	at liqp.parser.v4.NodeVisitor.visitInclude_tag(NodeVisitor.java:459)[0m
[0m[[0m[31merror[0m] [0m[0m	at liqp.parser.v4.NodeVisitor.visitInclude_tag(NodeVisitor.java:101)[0m
[0m[[0m[31merror[0m] [0m[0m	at liquid.parser.v4.LiquidParser$Include_tagContext.accept(LiquidParser.java:2803)[0m
[0m[[0m[31merror[0m] [0m[0m	at liqp.org.antlr.v4.runtime.tree.AbstractParseTreeVisitor.visitChildren(AbstractParseTreeVisitor.java:46)[0m
[0m[[0m[31merror[0m] [0m[0m	at liquid.parser.v4.LiquidParserBaseVisitor.visitTag(LiquidParserBaseVisitor.java:63)[0m
[0m[[0m[31merror[0m] [0m[0m	at liquid.parser.v4.LiquidParser$TagContext.accept(LiquidParser.java:502)[0m
[0m[[0m[31merror[0m] [0m[0m	at liqp.org.antlr.v4.runtime.tree.AbstractParseTreeVisitor.visitChildren(AbstractParseTreeVisitor.java:46)[0m
[0m[[0m[31merror[0m] [0m[0m	at liquid.parser.v4.LiquidParserBaseVisitor.visitAtom_tag(LiquidParserBaseVisitor.java:35)[0m
[0m[[0m[31merror[0m] [0m[0m	at liquid.parser.v4.LiquidParser$Atom_tagContext.accept(LiquidParser.java:367)[0m
[0m[[0m[31merror[0m] [0m[0m	at liqp.org.antlr.v4.runtime.tree.AbstractParseTreeVisitor.visit(AbstractParseTreeVisitor.java:18)[0m
[0m[[0m[31merror[0m] [0m[0m	at liqp.parser.v4.NodeVisitor.visitOther_tag(NodeVisitor.java:178)[0m
[0m[[0m[31merror[0m] [0m[0m	at liqp.parser.v4.NodeVisitor.visitOther_tag(NodeVisitor.java:101)[0m
[0m[[0m[31merror[0m] [0m[0m	at liquid.parser.v4.LiquidParser$Other_tagContext.accept(LiquidParser.java:712)[0m
[0m[[0m[31merror[0m] [0m[0m	at liqp.org.antlr.v4.runtime.tree.AbstractParseTreeVisitor.visitChildren(AbstractParseTreeVisitor.java:46)[0m
[0m[[0m[31merror[0m] [0m[0m	at liquid.parser.v4.LiquidParserBaseVisitor.visitTag(LiquidParserBaseVisitor.java:63)[0m
[0m[[0m[31merror[0m] [0m[0m	at liquid.parser.v4.LiquidParser$TagContext.accept(LiquidParser.java:502)[0m
[0m[[0m[31merror[0m] [0m[0m	at liqp.org.antlr.v4.runtime.tree.AbstractParseTreeVisitor.visitChildren(AbstractParseTreeVisitor.java:46)[0m
[0m[[0m[31merror[0m] [0m[0m	at liquid.parser.v4.LiquidParserBaseVisitor.visitAtom_tag(LiquidParserBaseVisitor.java:35)[0m
[0m[[0m[31merror[0m] [0m[0m	at liquid.parser.v4.LiquidParser$Atom_tagContext.accept(LiquidParser.java:367)[0m
[0m[[0m[31merror[0m] [0m[0m	at liqp.org.antlr.v4.runtime.tree.AbstractParseTreeVisitor.visit(AbstractParseTreeVisitor.java:18)[0m
[0m[[0m[31merror[0m] [0m[0m	at liqp.parser.v4.NodeVisitor.visitOther_tag(NodeVisitor.java:178)[0m
[0m[[0m[31merror[0m] [0m[0m	at liqp.parser.v4.NodeVisitor.visitOther_tag(NodeVisitor.java:101)[0m
[0m[[0m[31merror[0m] [0m[0m	at liquid.parser.v4.LiquidParser$Other_tagContext.accept(LiquidParser.java:712)[0m
[0m[[0m[31merror[0m] [0m[0m	at liqp.org.antlr.v4.runtime.tree.AbstractParseTreeVisitor.visitChildren(AbstractParseTreeVisitor.java:46)[0m
[0m[[0m[31merror[0m] [0m[0m	at liquid.parser.v4.LiquidParserBaseVisitor.visitTag(LiquidParserBaseVisitor.java:63)[0m
[0m[[0m[31merror[0m] [0m[0m	at liquid.parser.v4.LiquidParser$TagContext.accept(LiquidParser.java:502)[0m
[0m[[0m[31merror[0m] [0m[0m	at liqp.org.antlr.v4.runtime.tree.AbstractParseTreeVisitor.visitChildren(AbstractParseTreeVisitor.java:46)[0m
[0m[[0m[31merror[0m] [0m[0m	at liquid.parser.v4.LiquidParserBaseVisitor.visitAtom_tag(LiquidParserBaseVisitor.java:35)[0m
[0m[[0m[31merror[0m] [0m[0m	at liquid.parser.v4.LiquidParser$Atom_tagContext.accept(LiquidParser.java:367)[0m
[0m[[0m[31merror[0m] [0m[0m	at liqp.org.antlr.v4.runtime.tree.AbstractParseTreeVisitor.visit(AbstractParseTreeVisitor.java:18)[0m
[0m[[0m[31merror[0m] [0m[0m	at liqp.parser.v4.NodeVisitor.visitBlock(NodeVisitor.java:139)[0m
[0m[[0m[31merror[0m] [0m[0m	at liqp.parser.v4.NodeVisitor.visitParse(NodeVisitor.java:126)[0m
[0m[[0m[31merror[0m] [0m[0m	at liqp.parser.v4.NodeVisitor.visitParse(NodeVisitor.java:101)[0m
[0m[[0m[31merror[0m] [0m[0m	at liquid.parser.v4.LiquidParser$ParseContext.accept(LiquidParser.java:208)[0m
[0m[[0m[31merror[0m] [0m[0m	at liqp.org.antlr.v4.runtime.tree.AbstractParseTreeVisitor.visit(AbstractParseTreeVisitor.java:18)[0m
[0m[[0m[31merror[0m] [0m[0m	at liqp.Template.renderToObjectUnguarded(Template.java:357)[0m
[0m[[0m[31merror[0m] [0m[0m	at liqp.Template.renderToObjectUnguarded(Template.java:329)[0m
[0m[[0m[31merror[0m] [0m[0m	at liqp.Template.renderToObject(Template.java:272)[0m
[0m[[0m[31merror[0m] [0m[0m	at liqp.Template.render(Template.java:251)[0m
[0m[[0m[31merror[0m] [0m[0m	at dotty.tools.scaladoc.site.TemplateFile.resolveInner(templates.scala:147)[0m
[0m[[0m[31merror[0m] [0m[0m	at dotty.tools.scaladoc.site.LoadedTemplate.resolveToHtml(LoadedTemplate.scala:54)[0m
[0m[[0m[31merror[0m] [0m[0m	at dotty.tools.scaladoc.renderers.ResolvedTemplate.<init>(SiteRenderer.scala:19)[0m
[0m[[0m[31merror[0m] [0m[0m	at dotty.tools.scaladoc.renderers.ResolvedTemplate$.apply(SiteRenderer.scala:18)[0m
[0m[[0m[31merror[0m] [0m[0m	at dotty.tools.scaladoc.renderers.SiteRenderer.templateToPage(SiteRenderer.scala:26)[0m
[0m[[0m[31merror[0m] [0m[0m	at dotty.tools.scaladoc.renderers.SiteRenderer.templateToPage$(SiteRenderer.scala:22)[0m
[0m[[0m[31merror[0m] [0m[0m	at dotty.tools.scaladoc.renderers.Renderer.templateToPage(Renderer.scala:20)[0m
[0m[[0m[31merror[0m] [0m[0m	at dotty.tools.scaladoc.renderers.SiteRenderer.templateToPage$$anonfun$1(SiteRenderer.scala:27)[0m
[0m[[0m[31merror[0m] [0m[0m	at scala.collection.immutable.List.map(List.scala:246)[0m
[0m[[0m[31merror[0m] [0m[0m	at dotty.tools.scaladoc.renderers.SiteRenderer.templateToPage(SiteRenderer.scala:27)[0m
[0m[[0m[31merror[0m] [0m[0m	at dotty.tools.scaladoc.renderers.SiteRenderer.templateToPage$(SiteRenderer.scala:22)[0m
[0m[[0m[31merror[0m] [0m[0m	at dotty.tools.scaladoc.renderers.Renderer.templateToPage(Renderer.scala:20)[0m
[0m[[0m[31merror[0m] [0m[0m	at dotty.tools.scaladoc.renderers.Renderer.$anonfun$5(Renderer.scala:92)[0m
[0m[[0m[31merror[0m] [0m[0m	at scala.collection.immutable.List.map(List.scala:246)[0m
[0m[[0m[31merror[0m] [0m[0m	at dotty.tools.scaladoc.renderers.Renderer.<init>(Renderer.scala:92)[0m
[0m[[0m[31merror[0m] [0m[0m	at dotty.tools.scaladoc.renderers.HtmlRenderer.<init>(HtmlRenderer.scala:10)[0m
[0m[[0m[31merror[0m] [0m[0m	at dotty.tools.scaladoc.Scaladoc$.run(Scaladoc.scala:260)[0m
[0m[[0m[31merror[0m] [0m[0m	at dotty.tools.scaladoc.Scaladoc$.run$$anonfun$1(Scaladoc.scala:77)[0m
[0m[[0m[31merror[0m] [0m[0m	at scala.runtime.function.JProcedure1.apply(JProcedure1.java:15)[0m
[0m[[0m[31merror[0m] [0m[0m	at scala.runtime.function.JProcedure1.apply(JProcedure1.java:10)[0m
[0m[[0m[31merror[0m] [0m[0m	at scala.Option.map(Option.scala:242)[0m
[0m[[0m[31merror[0m] [0m[0m	at dotty.tools.scaladoc.Scaladoc$.run(Scaladoc.scala:56)[0m
[0m[[0m[31merror[0m] [0m[0m	at dotty.tools.dottydoc.Main$.process(Main.scala:25)[0m
[0m[[0m[31merror[0m] [0m[0m	at dotty.tools.dottydoc.Main.process(Main.scala)[0m
[0m[[0m[31merror[0m] [0m[0m	at jdk.internal.reflect.GeneratedMethodAccessor2.invoke(Unknown Source)[0m
[0m[[0m[31merror[0m] [0m[0m	at java.base/jdk.internal.reflect.DelegatingMethodAccessorImpl.invoke(DelegatingMethodAccessorImpl.java:43)[0m
[0m[[0m[31merror[0m] [0m[0m	at java.base/java.lang.reflect.Method.invoke(Method.java:568)[0m
[0m[[0m[31merror[0m] [0m[0m	at xsbt.DottydocRunner.run(DottydocRunner.java:61)[0m
[0m[[0m[31merror[0m] [0m[0m	at xsbt.ScaladocInterface.run(ScaladocInterface.java:11)[0m
[0m[[0m[31merror[0m] [0m[0m	at jdk.internal.reflect.GeneratedMethodAccessor1.invoke(Unknown Source)[0m
[0m[[0m[31merror[0m] [0m[0m	at java.base/jdk.internal.reflect.DelegatingMethodAccessorImpl.invoke(DelegatingMethodAccessorImpl.java:43)[0m
[0m[[0m[31merror[0m] [0m[0m	at java.base/java.lang.reflect.Method.invoke(Method.java:568)[0m
[0m[[0m[31merror[0m] [0m[0m	at sbt.internal.inc.AnalyzingCompiler.invoke(AnalyzingCompiler.scala:329)[0m
[0m[[0m[31merror[0m] [0m[0m	at sbt.internal.inc.AnalyzingCompiler.doc(AnalyzingCompiler.scala:175)[0m
[0m[[0m[31merror[0m] [0m[0m	at sbt.internal.inc.AnalyzingCompiler.doc(AnalyzingCompiler.scala:133)[0m
[0m[[0m[31merror[0m] [0m[0m	at sbt.Doc$.$anonfun$scaladoc$1(Doc.scala:53)[0m
[0m[[0m[31merror[0m] [0m[0m	at sbt.Doc$.$anonfun$scaladoc$1$adapted(Doc.scala:41)[0m
[0m[[0m[31merror[0m] [0m[0m	at sbt.RawCompileLike$.$anonfun$prepare$1(RawCompileLike.scala:80)[0m
[0m[[0m[31merror[0m] [0m[0m	at sbt.RawCompileLike$.$anonfun$prepare$1$adapted(RawCompileLike.scala:73)[0m
[0m[[0m[31merror[0m] [0m[0m	at sbt.RawCompileLike$.$anonfun$cached$4(RawCompileLike.scala:64)[0m
[0m[[0m[31merror[0m] [0m[0m	at sbt.RawCompileLike$.$anonfun$cached$4$adapted(RawCompileLike.scala:62)[0m
[0m[[0m[31merror[0m] [0m[0m	at sbt.util.Tracked$.$anonfun$inputChangedW$1(Tracked.scala:220)[0m
[0m[[0m[31merror[0m] [0m[0m	at sbt.RawCompileLike$.$anonfun$cached$1(RawCompileLike.scala:69)[0m
[0m[[0m[31merror[0m] [0m[0m	at sbt.RawCompileLike$.$anonfun$cached$1$adapted(RawCompileLike.scala:53)[0m
[0m[[0m[31merror[0m] [0m[0m	at sbt.Defaults$.$anonfun$docTaskSettings$4(Defaults.scala:2214)[0m
[0m[[0m[31merror[0m] [0m[0m	at scala.Function1.$anonfun$compose$1(Function1.scala:49)[0m
[0m[[0m[31merror[0m] [0m[0m	at sbt.internal.util.$tilde$greater.$anonfun$$u2219$1(TypeFunctions.scala:63)[0m
[0m[[0m[31merror[0m] [0m[0m	at sbt.std.Transform$$anon$4.work(Transform.scala:69)[0m
[0m[[0m[31merror[0m] [0m[0m	at sbt.Execute.$anonfun$submit$2(Execute.scala:283)[0m
[0m[[0m[31merror[0m] [0m[0m	at sbt.internal.util.ErrorHandling$.wideConvert(ErrorHandling.scala:24)[0m
[0m[[0m[31merror[0m] [0m[0m	at sbt.Execute.work(Execute.scala:292)[0m
[0m[[0m[31merror[0m] [0m[0m	at sbt.Execute.$anonfun$submit$1(Execute.scala:283)[0m
[0m[[0m[31merror[0m] [0m[0m	at sbt.ConcurrentRestrictions$$anon$4.$anonfun$submitValid$1(ConcurrentRestrictions.scala:265)[0m
[0m[[0m[31merror[0m] [0m[0m	at sbt.CompletionService$$anon$2.call(CompletionService.scala:65)[0m
[0m[[0m[31merror[0m] [0m[0m	at java.base/java.util.concurrent.FutureTask.run(FutureTask.java:264)[0m
[0m[[0m[31merror[0m] [0m[0m	at java.base/java.util.concurrent.Executors$RunnableAdapter.call(Executors.java:539)[0m
[0m[[0m[31merror[0m] [0m[0m	at java.base/java.util.concurrent.FutureTask.run(FutureTask.java:264)[0m
[0m[[0m[31merror[0m] [0m[0m	at java.base/java.util.concurrent.ThreadPoolExecutor.runWorker(ThreadPoolExecutor.java:1136)[0m
[0m[[0m[31merror[0m] [0m[0m	at java.base/java.util.concurrent.ThreadPoolExecutor$Worker.run(ThreadPoolExecutor.java:635)[0m
[0m[[0m[31merror[0m] [0m[0m	at java.base/java.lang.Thread.run(Thread.java:833)[0m
[0m[[0m[31merror[0m] [0m[0m(Compile / [31mdoc[0m) java.lang.reflect.InvocationTargetException[0m
[0m[[0m[31merror[0m] [0m[0mTotal time: 0 s, completed 11-Jul-2024, 3:27:17 am[0m
[0m[[0m[0mdebug[0m] [0m[0m> Exec(shell, None, None)[0m
[0m[[0m[0mdebug[0m] [0m[0m> Exec(shell, None, None)[0m
[0m[[0m[0minfo[0m] [0m[0mshutting down sbt server[0m
