[0m[[0m[0mdebug[0m] [0m[0m> Exec(doc, Some(ad61c953-9d79-47bc-8711-117fc4e2c87c), Some(CommandSource(console0)))[0m
[0m[[0m[0mdebug[0m] [0m[0mEvaluating tasks: Compile / doc[0m
[0m[[0m[0mdebug[0m] [0m[0mRunning task... Cancel: Signal, check cycles: false, forcegc: true[0m
[0m[[0m[0minfo[0m] [0m[0mcompiling 2 Scala sources to /home/saiprasad/Documents/GSOC/scaladocsitebuilder/target/scala-3.5.1-RC1-bin-SNAPSHOT/classes ...[0m
[0m[[0m[0minfo[0m] [0m[0mMain Scala API documentation to /home/saiprasad/Documents/GSOC/scaladocsitebuilder/target/scala-3.5.1-RC1-bin-SNAPSHOT/api...[0m
[0m[[0m[33mwarn[0m] [0m[0mFlag -project set repeatedly[0m
[0m[[0m[33mwarn[0m] [0m[0mFlag -no-link-warnings set repeatedly[0m
[0m[[0m[33mwarn[0m] [0m[0mbad option '-no-java-comments' was ignored[0m
[0m[[0m[33mwarn[0m] [0m[0mbad option '-no-specialization' was ignored[0m
[0m[[0m[33mwarn[0m] [0m[0mInvalid syntax of quick link.[0m
[0m[[0m[33mwarn[0m] [0m[0mList of quick links that is displayed in the header of documentation.[0m
[0m[[0m[33mwarn[0m] [0m[0mThe setting accepts list of quick links in format: text::url[0m
[0m[[0m[33mwarn[0m] [0m[0mThe first `::` occurrence is taken as the delimiter.[0m
[0m[[0m[31merror[0m] [0m[0mjava.lang.RuntimeException: java.lang.reflect.InvocationTargetException[0m
[0m[[0m[31merror[0m] [0m[0m	at xsbt.DottydocRunner.run(DottydocRunner.java:65)[0m
[0m[[0m[31merror[0m] [0m[0m	at xsbt.ScaladocInterface.run(ScaladocInterface.java:11)[0m
[0m[[0m[31merror[0m] [0m[0m	at java.base/jdk.internal.reflect.NativeMethodAccessorImpl.invoke0(Native Method)[0m
[0m[[0m[31merror[0m] [0m[0m	at java.base/jdk.internal.reflect.NativeMethodAccessorImpl.invoke(NativeMethodAccessorImpl.java:77)[0m
[0m[[0m[31merror[0m] [0m[0m	at java.base/jdk.internal.reflect.DelegatingMethodAccessorImpl.invoke(DelegatingMethodAccessorImpl.java:43)[0m
[0m[[0m[31merror[0m] [0m[0m	at java.base/java.lang.reflect.Method.invoke(Method.java:568)[0m
[0m[[0m[31merror[0m] [0m[0m	at sbt.internal.inc.AnalyzingCompiler.invoke(AnalyzingCompiler.scala:329)[0m
[0m[[0m[31merror[0m] [0m[0m	at sbt.internal.inc.AnalyzingCompiler.doc(AnalyzingCompiler.scala:175)[0m
[0m[[0m[31merror[0m] [0m[0m	at sbt.internal.inc.AnalyzingCompiler.doc(AnalyzingCompiler.scala:133)[0m
[0m[[0m[31merror[0m] [0m[0m	at sbt.Doc$.$anonfun$scaladoc$1(Doc.scala:53)[0m
[0m[[0m[31merror[0m] [0m[0m	at sbt.Doc$.$anonfun$scaladoc$1$adapted(Doc.scala:41)[0m
[0m[[0m[31merror[0m] [0m[0m	at sbt.RawCompileLike$.$anonfun$prepare$1(RawCompileLike.scala:80)[0m
[0m[[0m[31merror[0m] [0m[0m	at sbt.RawCompileLike$.$anonfun$prepare$1$adapted(RawCompileLike.scala:73)[0m
[0m[[0m[31merror[0m] [0m[0m	at sbt.RawCompileLike$.$anonfun$cached$4(RawCompileLike.scala:64)[0m
[0m[[0m[31merror[0m] [0m[0m	at sbt.RawCompileLike$.$anonfun$cached$4$adapted(RawCompileLike.scala:62)[0m
[0m[[0m[31merror[0m] [0m[0m	at sbt.util.Tracked$.$anonfun$inputChangedW$1(Tracked.scala:220)[0m
[0m[[0m[31merror[0m] [0m[0m	at sbt.RawCompileLike$.$anonfun$cached$1(RawCompileLike.scala:69)[0m
[0m[[0m[31merror[0m] [0m[0m	at sbt.RawCompileLike$.$anonfun$cached$1$adapted(RawCompileLike.scala:53)[0m
[0m[[0m[31merror[0m] [0m[0m	at sbt.Defaults$.$anonfun$docTaskSettings$4(Defaults.scala:2214)[0m
[0m[[0m[31merror[0m] [0m[0m	at scala.Function1.$anonfun$compose$1(Function1.scala:49)[0m
[0m[[0m[31merror[0m] [0m[0m	at sbt.internal.util.$tilde$greater.$anonfun$$u2219$1(TypeFunctions.scala:63)[0m
[0m[[0m[31merror[0m] [0m[0m	at sbt.std.Transform$$anon$4.work(Transform.scala:69)[0m
[0m[[0m[31merror[0m] [0m[0m	at sbt.Execute.$anonfun$submit$2(Execute.scala:283)[0m
[0m[[0m[31merror[0m] [0m[0m	at sbt.internal.util.ErrorHandling$.wideConvert(ErrorHandling.scala:24)[0m
[0m[[0m[31merror[0m] [0m[0m	at sbt.Execute.work(Execute.scala:292)[0m
[0m[[0m[31merror[0m] [0m[0m	at sbt.Execute.$anonfun$submit$1(Execute.scala:283)[0m
[0m[[0m[31merror[0m] [0m[0m	at sbt.ConcurrentRestrictions$$anon$4.$anonfun$submitValid$1(ConcurrentRestrictions.scala:265)[0m
[0m[[0m[31merror[0m] [0m[0m	at sbt.CompletionService$$anon$2.call(CompletionService.scala:65)[0m
[0m[[0m[31merror[0m] [0m[0m	at java.base/java.util.concurrent.FutureTask.run(FutureTask.java:264)[0m
[0m[[0m[31merror[0m] [0m[0m	at java.base/java.util.concurrent.Executors$RunnableAdapter.call(Executors.java:539)[0m
[0m[[0m[31merror[0m] [0m[0m	at java.base/java.util.concurrent.FutureTask.run(FutureTask.java:264)[0m
[0m[[0m[31merror[0m] [0m[0m	at java.base/java.util.concurrent.ThreadPoolExecutor.runWorker(ThreadPoolExecutor.java:1136)[0m
[0m[[0m[31merror[0m] [0m[0m	at java.base/java.util.concurrent.ThreadPoolExecutor$Worker.run(ThreadPoolExecutor.java:635)[0m
[0m[[0m[31merror[0m] [0m[0m	at java.base/java.lang.Thread.run(Thread.java:833)[0m
[0m[[0m[31merror[0m] [0m[0mCaused by: java.lang.reflect.InvocationTargetException[0m
[0m[[0m[31merror[0m] [0m[0m	at java.base/jdk.internal.reflect.NativeMethodAccessorImpl.invoke0(Native Method)[0m
[0m[[0m[31merror[0m] [0m[0m	at java.base/jdk.internal.reflect.NativeMethodAccessorImpl.invoke(NativeMethodAccessorImpl.java:77)[0m
[0m[[0m[31merror[0m] [0m[0m	at java.base/jdk.internal.reflect.DelegatingMethodAccessorImpl.invoke(DelegatingMethodAccessorImpl.java:43)[0m
[0m[[0m[31merror[0m] [0m[0m	at java.base/java.lang.reflect.Method.invoke(Method.java:568)[0m
[0m[[0m[31merror[0m] [0m[0m	at xsbt.DottydocRunner.run(DottydocRunner.java:61)[0m
[0m[[0m[31merror[0m] [0m[0m	at xsbt.ScaladocInterface.run(ScaladocInterface.java:11)[0m
[0m[[0m[31merror[0m] [0m[0m	at java.base/jdk.internal.reflect.NativeMethodAccessorImpl.invoke0(Native Method)[0m
[0m[[0m[31merror[0m] [0m[0m	at java.base/jdk.internal.reflect.NativeMethodAccessorImpl.invoke(NativeMethodAccessorImpl.java:77)[0m
[0m[[0m[31merror[0m] [0m[0m	at java.base/jdk.internal.reflect.DelegatingMethodAccessorImpl.invoke(DelegatingMethodAccessorImpl.java:43)[0m
[0m[[0m[31merror[0m] [0m[0m	at java.base/java.lang.reflect.Method.invoke(Method.java:568)[0m
[0m[[0m[31merror[0m] [0m[0m	at sbt.internal.inc.AnalyzingCompiler.invoke(AnalyzingCompiler.scala:329)[0m
[0m[[0m[31merror[0m] [0m[0m	at sbt.internal.inc.AnalyzingCompiler.doc(AnalyzingCompiler.scala:175)[0m
[0m[[0m[31merror[0m] [0m[0m	at sbt.internal.inc.AnalyzingCompiler.doc(AnalyzingCompiler.scala:133)[0m
[0m[[0m[31merror[0m] [0m[0m	at sbt.Doc$.$anonfun$scaladoc$1(Doc.scala:53)[0m
[0m[[0m[31merror[0m] [0m[0m	at sbt.Doc$.$anonfun$scaladoc$1$adapted(Doc.scala:41)[0m
[0m[[0m[31merror[0m] [0m[0m	at sbt.RawCompileLike$.$anonfun$prepare$1(RawCompileLike.scala:80)[0m
[0m[[0m[31merror[0m] [0m[0m	at sbt.RawCompileLike$.$anonfun$prepare$1$adapted(RawCompileLike.scala:73)[0m
[0m[[0m[31merror[0m] [0m[0m	at sbt.RawCompileLike$.$anonfun$cached$4(RawCompileLike.scala:64)[0m
[0m[[0m[31merror[0m] [0m[0m	at sbt.RawCompileLike$.$anonfun$cached$4$adapted(RawCompileLike.scala:62)[0m
[0m[[0m[31merror[0m] [0m[0m	at sbt.util.Tracked$.$anonfun$inputChangedW$1(Tracked.scala:220)[0m
[0m[[0m[31merror[0m] [0m[0m	at sbt.RawCompileLike$.$anonfun$cached$1(RawCompileLike.scala:69)[0m
[0m[[0m[31merror[0m] [0m[0m	at sbt.RawCompileLike$.$anonfun$cached$1$adapted(RawCompileLike.scala:53)[0m
[0m[[0m[31merror[0m] [0m[0m	at sbt.Defaults$.$anonfun$docTaskSettings$4(Defaults.scala:2214)[0m
[0m[[0m[31merror[0m] [0m[0m	at scala.Function1.$anonfun$compose$1(Function1.scala:49)[0m
[0m[[0m[31merror[0m] [0m[0m	at sbt.internal.util.$tilde$greater.$anonfun$$u2219$1(TypeFunctions.scala:63)[0m
[0m[[0m[31merror[0m] [0m[0m	at sbt.std.Transform$$anon$4.work(Transform.scala:69)[0m
[0m[[0m[31merror[0m] [0m[0m	at sbt.Execute.$anonfun$submit$2(Execute.scala:283)[0m
[0m[[0m[31merror[0m] [0m[0m	at sbt.internal.util.ErrorHandling$.wideConvert(ErrorHandling.scala:24)[0m
[0m[[0m[31merror[0m] [0m[0m	at sbt.Execute.work(Execute.scala:292)[0m
[0m[[0m[31merror[0m] [0m[0m	at sbt.Execute.$anonfun$submit$1(Execute.scala:283)[0m
[0m[[0m[31merror[0m] [0m[0m	at sbt.ConcurrentRestrictions$$anon$4.$anonfun$submitValid$1(ConcurrentRestrictions.scala:265)[0m
[0m[[0m[31merror[0m] [0m[0m	at sbt.CompletionService$$anon$2.call(CompletionService.scala:65)[0m
[0m[[0m[31merror[0m] [0m[0m	at java.base/java.util.concurrent.FutureTask.run(FutureTask.java:264)[0m
[0m[[0m[31merror[0m] [0m[0m	at java.base/java.util.concurrent.Executors$RunnableAdapter.call(Executors.java:539)[0m
[0m[[0m[31merror[0m] [0m[0m	at java.base/java.util.concurrent.FutureTask.run(FutureTask.java:264)[0m
[0m[[0m[31merror[0m] [0m[0m	at java.base/java.util.concurrent.ThreadPoolExecutor.runWorker(ThreadPoolExecutor.java:1136)[0m
[0m[[0m[31merror[0m] [0m[0m	at java.base/java.util.concurrent.ThreadPoolExecutor$Worker.run(ThreadPoolExecutor.java:635)[0m
[0m[[0m[31merror[0m] [0m[0m	at java.base/java.lang.Thread.run(Thread.java:833)[0m
[0m[[0m[31merror[0m] [0m[0mCaused by: liqp.exceptions.LiquidException: lexer error "token recognition error at: '+'" on line 18, index 3[0m
[0m[[0m[31merror[0m] [0m[0m	at liqp.Template$1.syntaxError(Template.java:81)[0m
[0m[[0m[31merror[0m] [0m[0m	at liqp.org.antlr.v4.runtime.ProxyErrorListener.syntaxError(ProxyErrorListener.java:41)[0m
[0m[[0m[31merror[0m] [0m[0m	at liqp.org.antlr.v4.runtime.Lexer.notifyListeners(Lexer.java:364)[0m
[0m[[0m[31merror[0m] [0m[0m	at liqp.org.antlr.v4.runtime.Lexer.nextToken(Lexer.java:144)[0m
[0m[[0m[31merror[0m] [0m[0m	at liquid.parser.v4.LiquidLexer.nextToken(LiquidLexer.java:154)[0m
[0m[[0m[31merror[0m] [0m[0m	at liqp.org.antlr.v4.runtime.BufferedTokenStream.fetch(BufferedTokenStream.java:169)[0m
[0m[[0m[31merror[0m] [0m[0m	at liqp.org.antlr.v4.runtime.BufferedTokenStream.sync(BufferedTokenStream.java:152)[0m
[0m[[0m[31merror[0m] [0m[0m	at liqp.org.antlr.v4.runtime.BufferedTokenStream.consume(BufferedTokenStream.java:136)[0m
[0m[[0m[31merror[0m] [0m[0m	at liqp.org.antlr.v4.runtime.atn.ParserATNSimulator.execATN(ParserATNSimulator.java:515)[0m
[0m[[0m[31merror[0m] [0m[0m	at liqp.org.antlr.v4.runtime.atn.ParserATNSimulator.adaptivePredict(ParserATNSimulator.java:371)[0m
[0m[[0m[31merror[0m] [0m[0m	at liquid.parser.v4.LiquidParser.output(LiquidParser.java:3154)[0m
[0m[[0m[31merror[0m] [0m[0m	at liquid.parser.v4.LiquidParser.atom(LiquidParser.java:412)[0m
[0m[[0m[31merror[0m] [0m[0m	at liquid.parser.v4.LiquidParser.block(LiquidParser.java:278)[0m
[0m[[0m[31merror[0m] [0m[0m	at liquid.parser.v4.LiquidParser.parse(LiquidParser.java:220)[0m
[0m[[0m[31merror[0m] [0m[0m	at liqp.Template.parse(Template.java:107)[0m
[0m[[0m[31merror[0m] [0m[0m	at liqp.Template.<init>(Template.java:65)[0m
[0m[[0m[31merror[0m] [0m[0m	at liqp.TemplateParser.parse(TemplateParser.java:470)[0m
[0m[[0m[31merror[0m] [0m[0m	at dotty.tools.scaladoc.site.TemplateFile.resolveInner(templates.scala:140)[0m
[0m[[0m[31merror[0m] [0m[0m	at dotty.tools.scaladoc.site.LoadedTemplate.resolveToHtml(LoadedTemplate.scala:54)[0m
[0m[[0m[31merror[0m] [0m[0m	at dotty.tools.scaladoc.renderers.ResolvedTemplate.<init>(SiteRenderer.scala:19)[0m
[0m[[0m[31merror[0m] [0m[0m	at dotty.tools.scaladoc.renderers.ResolvedTemplate$.apply(SiteRenderer.scala:18)[0m
[0m[[0m[31merror[0m] [0m[0m	at dotty.tools.scaladoc.renderers.SiteRenderer.templateToPage(SiteRenderer.scala:26)[0m
[0m[[0m[31merror[0m] [0m[0m	at dotty.tools.scaladoc.renderers.SiteRenderer.templateToPage$(SiteRenderer.scala:22)[0m
[0m[[0m[31merror[0m] [0m[0m	at dotty.tools.scaladoc.renderers.Renderer.templateToPage(Renderer.scala:20)[0m
[0m[[0m[31merror[0m] [0m[0m	at dotty.tools.scaladoc.renderers.SiteRenderer.templateToPage$$anonfun$1(SiteRenderer.scala:27)[0m
[0m[[0m[31merror[0m] [0m[0m	at scala.collection.immutable.List.map(List.scala:250)[0m
[0m[[0m[31merror[0m] [0m[0m	at dotty.tools.scaladoc.renderers.SiteRenderer.templateToPage(SiteRenderer.scala:27)[0m
[0m[[0m[31merror[0m] [0m[0m	at dotty.tools.scaladoc.renderers.SiteRenderer.templateToPage$(SiteRenderer.scala:22)[0m
[0m[[0m[31merror[0m] [0m[0m	at dotty.tools.scaladoc.renderers.Renderer.templateToPage(Renderer.scala:20)[0m
[0m[[0m[31merror[0m] [0m[0m	at dotty.tools.scaladoc.renderers.Renderer.$anonfun$5(Renderer.scala:92)[0m
[0m[[0m[31merror[0m] [0m[0m	at scala.collection.immutable.List.map(List.scala:246)[0m
[0m[[0m[31merror[0m] [0m[0m	at dotty.tools.scaladoc.renderers.Renderer.<init>(Renderer.scala:92)[0m
[0m[[0m[31merror[0m] [0m[0m	at dotty.tools.scaladoc.renderers.HtmlRenderer.<init>(HtmlRenderer.scala:10)[0m
[0m[[0m[31merror[0m] [0m[0m	at dotty.tools.scaladoc.Scaladoc$.run(Scaladoc.scala:260)[0m
[0m[[0m[31merror[0m] [0m[0m	at dotty.tools.scaladoc.Scaladoc$.run$$anonfun$1(Scaladoc.scala:77)[0m
[0m[[0m[31merror[0m] [0m[0m	at scala.runtime.function.JProcedure1.apply(JProcedure1.java:15)[0m
[0m[[0m[31merror[0m] [0m[0m	at scala.runtime.function.JProcedure1.apply(JProcedure1.java:10)[0m
[0m[[0m[31merror[0m] [0m[0m	at scala.Option.map(Option.scala:242)[0m
[0m[[0m[31merror[0m] [0m[0m	at dotty.tools.scaladoc.Scaladoc$.run(Scaladoc.scala:56)[0m
[0m[[0m[31merror[0m] [0m[0m	at dotty.tools.dottydoc.Main$.process(Main.scala:25)[0m
[0m[[0m[31merror[0m] [0m[0m	at dotty.tools.dottydoc.Main.process(Main.scala)[0m
[0m[[0m[31merror[0m] [0m[0m	at java.base/jdk.internal.reflect.NativeMethodAccessorImpl.invoke0(Native Method)[0m
[0m[[0m[31merror[0m] [0m[0m	at java.base/jdk.internal.reflect.NativeMethodAccessorImpl.invoke(NativeMethodAccessorImpl.java:77)[0m
[0m[[0m[31merror[0m] [0m[0m	at java.base/jdk.internal.reflect.DelegatingMethodAccessorImpl.invoke(DelegatingMethodAccessorImpl.java:43)[0m
[0m[[0m[31merror[0m] [0m[0m	at java.base/java.lang.reflect.Method.invoke(Method.java:568)[0m
[0m[[0m[31merror[0m] [0m[0m	at xsbt.DottydocRunner.run(DottydocRunner.java:61)[0m
[0m[[0m[31merror[0m] [0m[0m	at xsbt.ScaladocInterface.run(ScaladocInterface.java:11)[0m
[0m[[0m[31merror[0m] [0m[0m	at java.base/jdk.internal.reflect.NativeMethodAccessorImpl.invoke0(Native Method)[0m
[0m[[0m[31merror[0m] [0m[0m	at java.base/jdk.internal.reflect.NativeMethodAccessorImpl.invoke(NativeMethodAccessorImpl.java:77)[0m
[0m[[0m[31merror[0m] [0m[0m	at java.base/jdk.internal.reflect.DelegatingMethodAccessorImpl.invoke(DelegatingMethodAccessorImpl.java:43)[0m
[0m[[0m[31merror[0m] [0m[0m	at java.base/java.lang.reflect.Method.invoke(Method.java:568)[0m
[0m[[0m[31merror[0m] [0m[0m	at sbt.internal.inc.AnalyzingCompiler.invoke(AnalyzingCompiler.scala:329)[0m
[0m[[0m[31merror[0m] [0m[0m	at sbt.internal.inc.AnalyzingCompiler.doc(AnalyzingCompiler.scala:175)[0m
[0m[[0m[31merror[0m] [0m[0m	at sbt.internal.inc.AnalyzingCompiler.doc(AnalyzingCompiler.scala:133)[0m
[0m[[0m[31merror[0m] [0m[0m	at sbt.Doc$.$anonfun$scaladoc$1(Doc.scala:53)[0m
[0m[[0m[31merror[0m] [0m[0m	at sbt.Doc$.$anonfun$scaladoc$1$adapted(Doc.scala:41)[0m
[0m[[0m[31merror[0m] [0m[0m	at sbt.RawCompileLike$.$anonfun$prepare$1(RawCompileLike.scala:80)[0m
[0m[[0m[31merror[0m] [0m[0m	at sbt.RawCompileLike$.$anonfun$prepare$1$adapted(RawCompileLike.scala:73)[0m
[0m[[0m[31merror[0m] [0m[0m	at sbt.RawCompileLike$.$anonfun$cached$4(RawCompileLike.scala:64)[0m
[0m[[0m[31merror[0m] [0m[0m	at sbt.RawCompileLike$.$anonfun$cached$4$adapted(RawCompileLike.scala:62)[0m
[0m[[0m[31merror[0m] [0m[0m	at sbt.util.Tracked$.$anonfun$inputChangedW$1(Tracked.scala:220)[0m
[0m[[0m[31merror[0m] [0m[0m	at sbt.RawCompileLike$.$anonfun$cached$1(RawCompileLike.scala:69)[0m
[0m[[0m[31merror[0m] [0m[0m	at sbt.RawCompileLike$.$anonfun$cached$1$adapted(RawCompileLike.scala:53)[0m
[0m[[0m[31merror[0m] [0m[0m	at sbt.Defaults$.$anonfun$docTaskSettings$4(Defaults.scala:2214)[0m
[0m[[0m[31merror[0m] [0m[0m	at scala.Function1.$anonfun$compose$1(Function1.scala:49)[0m
[0m[[0m[31merror[0m] [0m[0m	at sbt.internal.util.$tilde$greater.$anonfun$$u2219$1(TypeFunctions.scala:63)[0m
[0m[[0m[31merror[0m] [0m[0m	at sbt.std.Transform$$anon$4.work(Transform.scala:69)[0m
[0m[[0m[31merror[0m] [0m[0m	at sbt.Execute.$anonfun$submit$2(Execute.scala:283)[0m
[0m[[0m[31merror[0m] [0m[0m	at sbt.internal.util.ErrorHandling$.wideConvert(ErrorHandling.scala:24)[0m
[0m[[0m[31merror[0m] [0m[0m	at sbt.Execute.work(Execute.scala:292)[0m
[0m[[0m[31merror[0m] [0m[0m	at sbt.Execute.$anonfun$submit$1(Execute.scala:283)[0m
[0m[[0m[31merror[0m] [0m[0m	at sbt.ConcurrentRestrictions$$anon$4.$anonfun$submitValid$1(ConcurrentRestrictions.scala:265)[0m
[0m[[0m[31merror[0m] [0m[0m	at sbt.CompletionService$$anon$2.call(CompletionService.scala:65)[0m
[0m[[0m[31merror[0m] [0m[0m	at java.base/java.util.concurrent.FutureTask.run(FutureTask.java:264)[0m
[0m[[0m[31merror[0m] [0m[0m	at java.base/java.util.concurrent.Executors$RunnableAdapter.call(Executors.java:539)[0m
[0m[[0m[31merror[0m] [0m[0m	at java.base/java.util.concurrent.FutureTask.run(FutureTask.java:264)[0m
[0m[[0m[31merror[0m] [0m[0m	at java.base/java.util.concurrent.ThreadPoolExecutor.runWorker(ThreadPoolExecutor.java:1136)[0m
[0m[[0m[31merror[0m] [0m[0m	at java.base/java.util.concurrent.ThreadPoolExecutor$Worker.run(ThreadPoolExecutor.java:635)[0m
[0m[[0m[31merror[0m] [0m[0m	at java.base/java.lang.Thread.run(Thread.java:833)[0m
[0m[[0m[31merror[0m] [0m[0mCaused by: LexerNoViableAltException('+')[0m
[0m[[0m[31merror[0m] [0m[0m	at liqp.org.antlr.v4.runtime.atn.LexerATNSimulator.failOrAccept(LexerATNSimulator.java:309)[0m
[0m[[0m[31merror[0m] [0m[0m	at liqp.org.antlr.v4.runtime.atn.LexerATNSimulator.execATN(LexerATNSimulator.java:230)[0m
[0m[[0m[31merror[0m] [0m[0m	at liqp.org.antlr.v4.runtime.atn.LexerATNSimulator.match(LexerATNSimulator.java:114)[0m
[0m[[0m[31merror[0m] [0m[0m	at liqp.org.antlr.v4.runtime.Lexer.nextToken(Lexer.java:141)[0m
[0m[[0m[31merror[0m] [0m[0m	at liquid.parser.v4.LiquidLexer.nextToken(LiquidLexer.java:154)[0m
[0m[[0m[31merror[0m] [0m[0m	at liqp.org.antlr.v4.runtime.BufferedTokenStream.fetch(BufferedTokenStream.java:169)[0m
[0m[[0m[31merror[0m] [0m[0m	at liqp.org.antlr.v4.runtime.BufferedTokenStream.sync(BufferedTokenStream.java:152)[0m
[0m[[0m[31merror[0m] [0m[0m	at liqp.org.antlr.v4.runtime.BufferedTokenStream.consume(BufferedTokenStream.java:136)[0m
[0m[[0m[31merror[0m] [0m[0m	at liqp.org.antlr.v4.runtime.atn.ParserATNSimulator.execATN(ParserATNSimulator.java:515)[0m
[0m[[0m[31merror[0m] [0m[0m	at liqp.org.antlr.v4.runtime.atn.ParserATNSimulator.adaptivePredict(ParserATNSimulator.java:371)[0m
[0m[[0m[31merror[0m] [0m[0m	at liquid.parser.v4.LiquidParser.output(LiquidParser.java:3154)[0m
[0m[[0m[31merror[0m] [0m[0m	at liquid.parser.v4.LiquidParser.atom(LiquidParser.java:412)[0m
[0m[[0m[31merror[0m] [0m[0m	at liquid.parser.v4.LiquidParser.block(LiquidParser.java:278)[0m
[0m[[0m[31merror[0m] [0m[0m	at liquid.parser.v4.LiquidParser.parse(LiquidParser.java:220)[0m
[0m[[0m[31merror[0m] [0m[0m	at liqp.Template.parse(Template.java:107)[0m
[0m[[0m[31merror[0m] [0m[0m	at liqp.Template.<init>(Template.java:65)[0m
[0m[[0m[31merror[0m] [0m[0m	at liqp.TemplateParser.parse(TemplateParser.java:470)[0m
[0m[[0m[31merror[0m] [0m[0m	at dotty.tools.scaladoc.site.TemplateFile.resolveInner(templates.scala:140)[0m
[0m[[0m[31merror[0m] [0m[0m	at dotty.tools.scaladoc.site.LoadedTemplate.resolveToHtml(LoadedTemplate.scala:54)[0m
[0m[[0m[31merror[0m] [0m[0m	at dotty.tools.scaladoc.renderers.ResolvedTemplate.<init>(SiteRenderer.scala:19)[0m
[0m[[0m[31merror[0m] [0m[0m	at dotty.tools.scaladoc.renderers.ResolvedTemplate$.apply(SiteRenderer.scala:18)[0m
[0m[[0m[31merror[0m] [0m[0m	at dotty.tools.scaladoc.renderers.SiteRenderer.templateToPage(SiteRenderer.scala:26)[0m
[0m[[0m[31merror[0m] [0m[0m	at dotty.tools.scaladoc.renderers.SiteRenderer.templateToPage$(SiteRenderer.scala:22)[0m
[0m[[0m[31merror[0m] [0m[0m	at dotty.tools.scaladoc.renderers.Renderer.templateToPage(Renderer.scala:20)[0m
[0m[[0m[31merror[0m] [0m[0m	at dotty.tools.scaladoc.renderers.SiteRenderer.templateToPage$$anonfun$1(SiteRenderer.scala:27)[0m
[0m[[0m[31merror[0m] [0m[0m	at scala.collection.immutable.List.map(List.scala:250)[0m
[0m[[0m[31merror[0m] [0m[0m	at dotty.tools.scaladoc.renderers.SiteRenderer.templateToPage(SiteRenderer.scala:27)[0m
[0m[[0m[31merror[0m] [0m[0m	at dotty.tools.scaladoc.renderers.SiteRenderer.templateToPage$(SiteRenderer.scala:22)[0m
[0m[[0m[31merror[0m] [0m[0m	at dotty.tools.scaladoc.renderers.Renderer.templateToPage(Renderer.scala:20)[0m
[0m[[0m[31merror[0m] [0m[0m	at dotty.tools.scaladoc.renderers.Renderer.$anonfun$5(Renderer.scala:92)[0m
[0m[[0m[31merror[0m] [0m[0m	at scala.collection.immutable.List.map(List.scala:246)[0m
[0m[[0m[31merror[0m] [0m[0m	at dotty.tools.scaladoc.renderers.Renderer.<init>(Renderer.scala:92)[0m
[0m[[0m[31merror[0m] [0m[0m	at dotty.tools.scaladoc.renderers.HtmlRenderer.<init>(HtmlRenderer.scala:10)[0m
[0m[[0m[31merror[0m] [0m[0m	at dotty.tools.scaladoc.Scaladoc$.run(Scaladoc.scala:260)[0m
[0m[[0m[31merror[0m] [0m[0m	at dotty.tools.scaladoc.Scaladoc$.run$$anonfun$1(Scaladoc.scala:77)[0m
[0m[[0m[31merror[0m] [0m[0m	at scala.runtime.function.JProcedure1.apply(JProcedure1.java:15)[0m
[0m[[0m[31merror[0m] [0m[0m	at scala.runtime.function.JProcedure1.apply(JProcedure1.java:10)[0m
[0m[[0m[31merror[0m] [0m[0m	at scala.Option.map(Option.scala:242)[0m
[0m[[0m[31merror[0m] [0m[0m	at dotty.tools.scaladoc.Scaladoc$.run(Scaladoc.scala:56)[0m
[0m[[0m[31merror[0m] [0m[0m	at dotty.tools.dottydoc.Main$.process(Main.scala:25)[0m
[0m[[0m[31merror[0m] [0m[0m	at dotty.tools.dottydoc.Main.process(Main.scala)[0m
[0m[[0m[31merror[0m] [0m[0m	at java.base/jdk.internal.reflect.NativeMethodAccessorImpl.invoke0(Native Method)[0m
[0m[[0m[31merror[0m] [0m[0m	at java.base/jdk.internal.reflect.NativeMethodAccessorImpl.invoke(NativeMethodAccessorImpl.java:77)[0m
[0m[[0m[31merror[0m] [0m[0m	at java.base/jdk.internal.reflect.DelegatingMethodAccessorImpl.invoke(DelegatingMethodAccessorImpl.java:43)[0m
[0m[[0m[31merror[0m] [0m[0m	at java.base/java.lang.reflect.Method.invoke(Method.java:568)[0m
[0m[[0m[31merror[0m] [0m[0m	at xsbt.DottydocRunner.run(DottydocRunner.java:61)[0m
[0m[[0m[31merror[0m] [0m[0m	at xsbt.ScaladocInterface.run(ScaladocInterface.java:11)[0m
[0m[[0m[31merror[0m] [0m[0m	at java.base/jdk.internal.reflect.NativeMethodAccessorImpl.invoke0(Native Method)[0m
[0m[[0m[31merror[0m] [0m[0m	at java.base/jdk.internal.reflect.NativeMethodAccessorImpl.invoke(NativeMethodAccessorImpl.java:77)[0m
[0m[[0m[31merror[0m] [0m[0m	at java.base/jdk.internal.reflect.DelegatingMethodAccessorImpl.invoke(DelegatingMethodAccessorImpl.java:43)[0m
[0m[[0m[31merror[0m] [0m[0m	at java.base/java.lang.reflect.Method.invoke(Method.java:568)[0m
[0m[[0m[31merror[0m] [0m[0m	at sbt.internal.inc.AnalyzingCompiler.invoke(AnalyzingCompiler.scala:329)[0m
[0m[[0m[31merror[0m] [0m[0m	at sbt.internal.inc.AnalyzingCompiler.doc(AnalyzingCompiler.scala:175)[0m
[0m[[0m[31merror[0m] [0m[0m	at sbt.internal.inc.AnalyzingCompiler.doc(AnalyzingCompiler.scala:133)[0m
[0m[[0m[31merror[0m] [0m[0m	at sbt.Doc$.$anonfun$scaladoc$1(Doc.scala:53)[0m
[0m[[0m[31merror[0m] [0m[0m	at sbt.Doc$.$anonfun$scaladoc$1$adapted(Doc.scala:41)[0m
[0m[[0m[31merror[0m] [0m[0m	at sbt.RawCompileLike$.$anonfun$prepare$1(RawCompileLike.scala:80)[0m
[0m[[0m[31merror[0m] [0m[0m	at sbt.RawCompileLike$.$anonfun$prepare$1$adapted(RawCompileLike.scala:73)[0m
[0m[[0m[31merror[0m] [0m[0m	at sbt.RawCompileLike$.$anonfun$cached$4(RawCompileLike.scala:64)[0m
[0m[[0m[31merror[0m] [0m[0m	at sbt.RawCompileLike$.$anonfun$cached$4$adapted(RawCompileLike.scala:62)[0m
[0m[[0m[31merror[0m] [0m[0m	at sbt.util.Tracked$.$anonfun$inputChangedW$1(Tracked.scala:220)[0m
[0m[[0m[31merror[0m] [0m[0m	at sbt.RawCompileLike$.$anonfun$cached$1(RawCompileLike.scala:69)[0m
[0m[[0m[31merror[0m] [0m[0m	at sbt.RawCompileLike$.$anonfun$cached$1$adapted(RawCompileLike.scala:53)[0m
[0m[[0m[31merror[0m] [0m[0m	at sbt.Defaults$.$anonfun$docTaskSettings$4(Defaults.scala:2214)[0m
[0m[[0m[31merror[0m] [0m[0m	at scala.Function1.$anonfun$compose$1(Function1.scala:49)[0m
[0m[[0m[31merror[0m] [0m[0m	at sbt.internal.util.$tilde$greater.$anonfun$$u2219$1(TypeFunctions.scala:63)[0m
[0m[[0m[31merror[0m] [0m[0m	at sbt.std.Transform$$anon$4.work(Transform.scala:69)[0m
[0m[[0m[31merror[0m] [0m[0m	at sbt.Execute.$anonfun$submit$2(Execute.scala:283)[0m
[0m[[0m[31merror[0m] [0m[0m	at sbt.internal.util.ErrorHandling$.wideConvert(ErrorHandling.scala:24)[0m
[0m[[0m[31merror[0m] [0m[0m	at sbt.Execute.work(Execute.scala:292)[0m
[0m[[0m[31merror[0m] [0m[0m	at sbt.Execute.$anonfun$submit$1(Execute.scala:283)[0m
[0m[[0m[31merror[0m] [0m[0m	at sbt.ConcurrentRestrictions$$anon$4.$anonfun$submitValid$1(ConcurrentRestrictions.scala:265)[0m
[0m[[0m[31merror[0m] [0m[0m	at sbt.CompletionService$$anon$2.call(CompletionService.scala:65)[0m
[0m[[0m[31merror[0m] [0m[0m	at java.base/java.util.concurrent.FutureTask.run(FutureTask.java:264)[0m
[0m[[0m[31merror[0m] [0m[0m	at java.base/java.util.concurrent.Executors$RunnableAdapter.call(Executors.java:539)[0m
[0m[[0m[31merror[0m] [0m[0m	at java.base/java.util.concurrent.FutureTask.run(FutureTask.java:264)[0m
[0m[[0m[31merror[0m] [0m[0m	at java.base/java.util.concurrent.ThreadPoolExecutor.runWorker(ThreadPoolExecutor.java:1136)[0m
[0m[[0m[31merror[0m] [0m[0m	at java.base/java.util.concurrent.ThreadPoolExecutor$Worker.run(ThreadPoolExecutor.java:635)[0m
[0m[[0m[31merror[0m] [0m[0m	at java.base/java.lang.Thread.run(Thread.java:833)[0m
[0m[[0m[31merror[0m] [0m[0m(Compile / [31mdoc[0m) java.lang.reflect.InvocationTargetException[0m
[0m[[0m[31merror[0m] [0m[0mTotal time: 2 s, completed 19-Jun-2024, 7:53:32 pm[0m
[0m[[0m[0mdebug[0m] [0m[0m> Exec(shell, None, None)[0m
